<?xml version="1.0" encoding="UTF-8"?>
<!-- Generated by org.testng.reporters.JUnitReportReporter -->
<testsuite hostname="PF35K6A9" failures="0" tests="3" name="TrainingTests" time="1.237" errors="0" timestamp="2023-03-10T12:23:00 CET" skipped="0">
  <testcase classname="TrainingTests" name="loginCorrect" time="0.473"/>
  <system-out/>
  <testcase classname="TrainingTests" name="loginIncorrectUsername" time="0.369"/>
  <system-out/>
  <testcase classname="TrainingTests" name="loginIncorrectPassword" time="0.395"/>
  <system-out/>
</testsuite> <!-- TrainingTests -->
